<?xml version="1.0" encoding="UTF-8"?>
<!-- Generated by org.testng.reporters.JUnitReportReporter -->
<testsuite hostname="LEUS01001636419" name="com.nothing.TeradataBatch.TeradataBatch" tests="1" failures="0" timestamp="25 Apr 2017 14:39:59 GMT" time="0.016" errors="0">
  <testcase name="test1" time="0.016" classname="com.nothing.TeradataBatch.TeradataBatch"/>
</testsuite> <!-- com.nothing.TeradataBatch.TeradataBatch -->
